@ 1800 1800    1 96      Y     2000  0.5676 319.7    9.96750e-01 6.48606e-01
@ 1800 1800    1 96      N     2000  0.4471 405.9    9.95687e-01 9.15849e-02
@ 1800 1800    2 48      Y     2000  0.5008 362.3    9.96750e-01 6.48606e-01
@ 1800 1800    2 48      N     2000  0.43 421.9    9.96423e-01 9.16815e-02
@ 1800 1800    3 32      Y     2000  0.4889 371.1    9.96750e-01 6.48606e-01
@ 1800 1800    3 32      N     2000  0.4228 429.1    9.96673e-01 8.93776e-02
@ 1800 1800    4 24      Y     2000  0.5023 361.2    9.96750e-01 6.48606e-01
@ 1800 1800    4 24      N     2000  0.4245 427.4    9.96734e-01 8.53345e-02
@ 1800 1800    6 16      Y     2000  0.4621 392.6    9.96750e-01 6.48606e-01
@ 1800 1800    6 16      N     2000  0.4276 424.3    9.96750e-01 8.29206e-02
@ 1800 1800    8 12      Y     2000  0.4502 403    9.96750e-01 6.48606e-01
@ 1800 1800    8 12      N     2000  0.4091 443.5    9.96750e-01 7.78968e-02
@ 1800 1800    12 8      Y     2000  0.4428 409.8    9.96750e-01 6.48606e-01
@ 1800 1800    12 8      N     2000  0.4089 443.7    9.96750e-01 7.38123e-02
@ 1800 1800    16 6      Y     2000  0.4389 413.4    9.96750e-01 6.48606e-01
@ 1800 1800    16 6      N     2000  0.4081 444.6    9.96749e-01 7.22118e-02
@ 1800 1800    24 4      Y     2000  0.4406 411.8    9.96750e-01 6.48606e-01
@ 1800 1800    24 4      N     2000  0.4101 442.4    9.96676e-01 7.00908e-02
@ 1800 1800    32 3      Y     2000  0.4385 413.8    9.96750e-01 6.48606e-01
@ 1800 1800    32 3      N     2000  0.4096 443    9.96263e-01 6.95985e-02
@ 1800 1800    48 2      Y     2000  0.4406 411.8    9.96750e-01 6.48606e-01
@ 1800 1800    48 2      N     2000  0.4082 444.5    9.92848e-01 6.84838e-02
@ 1800 1800    96 1      Y     2000  0.4442 408.5    9.96750e-01 6.48606e-01
@ 1800 1800    96 1      N     2000  0.4307 421.3    9.73086e-01 6.80501e-02
