@ 1800 1800    1 48      Y     2000  1.007 180.2    9.96750e-01 6.48606e-01
@ 1800 1800    1 48      N     2000  0.8566 211.8    9.96423e-01 1.29617e-01
@ 1800 1800    2 24      Y     2000  0.927 195.7    9.96750e-01 6.48606e-01
@ 1800 1800    2 24      N     2000  0.8508 213.3    9.96734e-01 1.20131e-01
@ 1800 1800    3 16      Y     2000  0.9116 199    9.96750e-01 6.48606e-01
@ 1800 1800    3 16      N     2000  0.8381 216.5    9.96750e-01 1.17166e-01
@ 1800 1800    4 12      Y     2000  0.9054 200.4    9.96750e-01 6.48606e-01
@ 1800 1800    4 12      N     2000  0.8152 222.6    9.96750e-01 1.09876e-01
@ 1800 1800    6 8      Y     2000  0.877 206.9    9.96750e-01 6.48606e-01
@ 1800 1800    6 8      N     2000  0.8088 224.3    9.96750e-01 1.04154e-01
@ 1800 1800    8 6      Y     2000  0.9101 199.4    9.96750e-01 6.48606e-01
@ 1800 1800    8 6      N     2000  0.8075 224.7    9.96750e-01 1.01556e-01
@ 1800 1800    12 4      Y     2000  0.8822 205.7    9.96750e-01 6.48606e-01
@ 1800 1800    12 4      N     2000  0.815 222.6    9.96750e-01 9.85795e-02
@ 1800 1800    16 3      Y     2000  0.8694 208.7    9.96750e-01 6.48606e-01
@ 1800 1800    16 3      N     2000  0.8043 225.6    9.96749e-01 9.74616e-02
@ 1800 1800    24 2      Y     2000  0.8721 208    9.96750e-01 6.48606e-01
@ 1800 1800    24 2      N     2000  0.8019 226.3    9.96676e-01 9.58902e-02
@ 1800 1800    48 1      Y     2000  0.8678 209.1    9.96750e-01 6.48606e-01
@ 1800 1800    48 1      N     2000  0.8107 223.8    9.92848e-01 9.51492e-02
